<?xml version="1.0" encoding="UTF-8"?>
<testng-results ignored="0" total="5" passed="5" failed="0" skipped="0">
  <reporter-output>
    <line>
      <![CDATA[Campaign Apple_741 added sucessfully]]>
    </line>
    <line>
      <![CDATA[Campaign Apple_338 added sucessfully]]>
    </line>
    <line>
      <![CDATA[Product Car_885 added successfully]]>
    </line>
    <line>
      <![CDATA[Validation is passed]]>
    </line>
    <line>
      <![CDATA[Contact veena_604 added Successfully]]>
    </line>
  </reporter-output>
  <suite started-at="2025-04-04T20:23:22 IST" name="Suite" finished-at="2025-04-04T20:25:06 IST" duration-ms="103773">
    <groups>
    </groups>
    <test started-at="2025-04-04T20:23:22 IST" name="Test" finished-at="2025-04-04T20:25:06 IST" duration-ms="103773">
      <class name="ContactsTest.CreateContactTest">
        <test-method is-config="true" signature="beforeClass()[pri:0, instance:ContactsTest.CreateContactTest@7ce69770]" started-at="2025-04-04T20:24:39 IST" name="beforeClass" finished-at="2025-04-04T20:24:41 IST" duration-ms="1690" status="PASS">
          <reporter-output>
          </reporter-output>
        </test-method> <!-- beforeClass -->
        <test-method is-config="true" signature="beforeMethod()[pri:0, instance:ContactsTest.CreateContactTest@7ce69770]" started-at="2025-04-04T20:24:41 IST" name="beforeMethod" finished-at="2025-04-04T20:24:47 IST" duration-ms="6319" status="PASS">
          <reporter-output>
          </reporter-output>
        </test-method> <!-- beforeMethod -->
        <test-method signature="createContactTest()[pri:0, instance:ContactsTest.CreateContactTest@7ce69770]" started-at="2025-04-04T20:24:47 IST" name="createContactTest" finished-at="2025-04-04T20:25:05 IST" duration-ms="17360" status="PASS">
          <reporter-output>
            <line>
              <![CDATA[Contact veena_604 added Successfully]]>
            </line>
          </reporter-output>
        </test-method> <!-- createContactTest -->
        <test-method is-config="true" signature="afterMethod()[pri:0, instance:ContactsTest.CreateContactTest@7ce69770]" started-at="2025-04-04T20:25:05 IST" name="afterMethod" finished-at="2025-04-04T20:25:05 IST" duration-ms="126" status="PASS">
          <reporter-output>
          </reporter-output>
        </test-method> <!-- afterMethod -->
        <test-method is-config="true" signature="afterClass()[pri:0, instance:ContactsTest.CreateContactTest@7ce69770]" started-at="2025-04-04T20:25:05 IST" name="afterClass" finished-at="2025-04-04T20:25:06 IST" duration-ms="570" status="PASS">
          <reporter-output>
          </reporter-output>
        </test-method> <!-- afterClass -->
      </class> <!-- ContactsTest.CreateContactTest -->
      <class name="Login.LoginTest">
        <test-method is-config="true" signature="beforeClass()[pri:0, instance:Login.LoginTest@7ce026d3]" started-at="2025-04-04T20:24:29 IST" name="beforeClass" finished-at="2025-04-04T20:24:31 IST" duration-ms="1624" status="PASS">
          <reporter-output>
          </reporter-output>
        </test-method> <!-- beforeClass -->
        <test-method is-config="true" signature="beforeMethod()[pri:0, instance:Login.LoginTest@7ce026d3]" started-at="2025-04-04T20:24:31 IST" name="beforeMethod" finished-at="2025-04-04T20:24:37 IST" duration-ms="5900" status="PASS">
          <reporter-output>
          </reporter-output>
        </test-method> <!-- beforeMethod -->
        <test-method signature="loginTest()[pri:0, instance:Login.LoginTest@7ce026d3]" started-at="2025-04-04T20:24:37 IST" name="loginTest" finished-at="2025-04-04T20:24:39 IST" duration-ms="2127" status="PASS">
          <reporter-output>
            <line>
              <![CDATA[Validation is passed]]>
            </line>
          </reporter-output>
        </test-method> <!-- loginTest -->
        <test-method is-config="true" signature="afterMethod()[pri:0, instance:Login.LoginTest@7ce026d3]" started-at="2025-04-04T20:24:39 IST" name="afterMethod" finished-at="2025-04-04T20:24:39 IST" duration-ms="133" status="PASS">
          <reporter-output>
          </reporter-output>
        </test-method> <!-- afterMethod -->
        <test-method is-config="true" signature="afterClass()[pri:0, instance:Login.LoginTest@7ce026d3]" started-at="2025-04-04T20:24:39 IST" name="afterClass" finished-at="2025-04-04T20:24:39 IST" duration-ms="396" status="PASS">
          <reporter-output>
          </reporter-output>
        </test-method> <!-- afterClass -->
      </class> <!-- Login.LoginTest -->
      <class name="ProductTest.CreateProductTest">
        <test-method is-config="true" signature="beforeClass()[pri:0, instance:ProductTest.CreateProductTest@1caa0244]" started-at="2025-04-04T20:24:07 IST" name="beforeClass" finished-at="2025-04-04T20:24:09 IST" duration-ms="1840" status="PASS">
          <reporter-output>
          </reporter-output>
        </test-method> <!-- beforeClass -->
        <test-method is-config="true" signature="beforeMethod()[pri:0, instance:ProductTest.CreateProductTest@1caa0244]" started-at="2025-04-04T20:24:09 IST" name="beforeMethod" finished-at="2025-04-04T20:24:17 IST" duration-ms="7409" status="PASS">
          <reporter-output>
          </reporter-output>
        </test-method> <!-- beforeMethod -->
        <test-method signature="createProductTest()[pri:0, instance:ProductTest.CreateProductTest@1caa0244]" started-at="2025-04-04T20:24:17 IST" name="createProductTest" finished-at="2025-04-04T20:24:28 IST" duration-ms="11376" status="PASS">
          <reporter-output>
            <line>
              <![CDATA[Product Car_885 added successfully]]>
            </line>
          </reporter-output>
        </test-method> <!-- createProductTest -->
        <test-method is-config="true" signature="afterMethod()[pri:0, instance:ProductTest.CreateProductTest@1caa0244]" started-at="2025-04-04T20:24:28 IST" name="afterMethod" finished-at="2025-04-04T20:24:29 IST" duration-ms="566" status="PASS">
          <reporter-output>
          </reporter-output>
        </test-method> <!-- afterMethod -->
        <test-method is-config="true" signature="afterClass()[pri:0, instance:ProductTest.CreateProductTest@1caa0244]" started-at="2025-04-04T20:24:29 IST" name="afterClass" finished-at="2025-04-04T20:24:29 IST" duration-ms="595" status="PASS">
          <reporter-output>
          </reporter-output>
        </test-method> <!-- afterClass -->
      </class> <!-- ProductTest.CreateProductTest -->
      <class name="CampaignTest.CreateCampaignTest">
        <test-method is-config="true" signature="beforeSuite()[pri:0, instance:CampaignTest.CreateCampaignTest@6fa51cd4]" started-at="2025-04-04T20:23:21 IST" name="beforeSuite" finished-at="2025-04-04T20:23:22 IST" duration-ms="1039" status="PASS">
          <reporter-output>
          </reporter-output>
        </test-method> <!-- beforeSuite -->
        <test-method is-config="true" signature="beforetest()[pri:0, instance:CampaignTest.CreateCampaignTest@6fa51cd4]" started-at="2025-04-04T20:23:22 IST" name="beforetest" finished-at="2025-04-04T20:23:22 IST" duration-ms="5" status="PASS">
          <reporter-output>
          </reporter-output>
        </test-method> <!-- beforetest -->
        <test-method is-config="true" signature="beforeClass()[pri:0, instance:CampaignTest.CreateCampaignTest@6fa51cd4]" started-at="2025-04-04T20:23:22 IST" name="beforeClass" finished-at="2025-04-04T20:23:33 IST" duration-ms="11214" status="PASS">
          <reporter-output>
          </reporter-output>
        </test-method> <!-- beforeClass -->
        <test-method is-config="true" signature="beforeMethod()[pri:0, instance:CampaignTest.CreateCampaignTest@6fa51cd4]" started-at="2025-04-04T20:23:33 IST" name="beforeMethod" finished-at="2025-04-04T20:23:43 IST" duration-ms="9510" status="PASS">
          <reporter-output>
          </reporter-output>
        </test-method> <!-- beforeMethod -->
        <test-method signature="createCampaignTest()[pri:0, instance:CampaignTest.CreateCampaignTest@6fa51cd4]" started-at="2025-04-04T20:23:43 IST" name="createCampaignTest" finished-at="2025-04-04T20:23:50 IST" duration-ms="7845" status="PASS">
          <reporter-output>
            <line>
              <![CDATA[Campaign Apple_741 added sucessfully]]>
            </line>
          </reporter-output>
        </test-method> <!-- createCampaignTest -->
        <test-method is-config="true" signature="afterMethod()[pri:0, instance:CampaignTest.CreateCampaignTest@6fa51cd4]" started-at="2025-04-04T20:23:50 IST" name="afterMethod" finished-at="2025-04-04T20:23:51 IST" duration-ms="221" status="PASS">
          <reporter-output>
          </reporter-output>
        </test-method> <!-- afterMethod -->
        <test-method is-config="true" signature="beforeMethod()[pri:0, instance:CampaignTest.CreateCampaignTest@6fa51cd4]" started-at="2025-04-04T20:23:51 IST" name="beforeMethod" finished-at="2025-04-04T20:23:58 IST" duration-ms="7599" status="PASS">
          <reporter-output>
          </reporter-output>
        </test-method> <!-- beforeMethod -->
        <test-method signature="createCampaignWithDateTest()[pri:0, instance:CampaignTest.CreateCampaignTest@6fa51cd4]" started-at="2025-04-04T20:23:58 IST" name="createCampaignWithDateTest" finished-at="2025-04-04T20:24:07 IST" duration-ms="8445" status="PASS">
          <reporter-output>
            <line>
              <![CDATA[Campaign Apple_338 added sucessfully]]>
            </line>
          </reporter-output>
        </test-method> <!-- createCampaignWithDateTest -->
        <test-method is-config="true" signature="afterMethod()[pri:0, instance:CampaignTest.CreateCampaignTest@6fa51cd4]" started-at="2025-04-04T20:24:07 IST" name="afterMethod" finished-at="2025-04-04T20:24:07 IST" duration-ms="168" status="PASS">
          <reporter-output>
          </reporter-output>
        </test-method> <!-- afterMethod -->
        <test-method is-config="true" signature="afterClass()[pri:0, instance:CampaignTest.CreateCampaignTest@6fa51cd4]" started-at="2025-04-04T20:24:07 IST" name="afterClass" finished-at="2025-04-04T20:24:07 IST" duration-ms="558" status="PASS">
          <reporter-output>
          </reporter-output>
        </test-method> <!-- afterClass -->
        <test-method is-config="true" signature="afterTest()[pri:0, instance:CampaignTest.CreateCampaignTest@6fa51cd4]" started-at="2025-04-04T20:25:06 IST" name="afterTest" finished-at="2025-04-04T20:25:06 IST" duration-ms="1" status="PASS">
          <reporter-output>
          </reporter-output>
        </test-method> <!-- afterTest -->
        <test-method is-config="true" signature="afterSuite()[pri:0, instance:CampaignTest.CreateCampaignTest@6fa51cd4]" started-at="2025-04-04T20:25:06 IST" name="afterSuite" finished-at="2025-04-04T20:25:06 IST" duration-ms="9" status="PASS">
          <reporter-output>
          </reporter-output>
        </test-method> <!-- afterSuite -->
      </class> <!-- CampaignTest.CreateCampaignTest -->
    </test> <!-- Test -->
  </suite> <!-- Suite -->
</testng-results>
