<?xml version="1.0" encoding="UTF-8"?>
<!-- Generated by org.testng.reporters.JUnitXMLReporter -->
<testsuite ignored="0" hostname="LAPTOP-A3LADIDG" failures="0" tests="5" name="Test_chrome" time="95.099" errors="0" timestamp="2025-03-21T20:26:47 IST">
  <testcase classname="CampaignTest.CreateCampaign" name="createCampaignTest" time="17.55"/>
  <testcase classname="CampaignTest.CreateCampaign" name="createCampaignWithDateTest" time="21.183"/>
  <testcase classname="ProductTest.CreateProduct" name="createProductTest" time="22.667"/>
  <testcase classname="Login.LoginTest" name="loginTest" time="7.579"/>
  <testcase classname="ContactsTest.CreateContact" name="createContactTest" time="26.013"/>
</testsuite> <!-- Test_chrome -->
