<?xml version="1.0" encoding="UTF-8"?>
<!-- Generated by org.testng.reporters.JUnitXMLReporter -->
<testsuite ignored="4" hostname="LAPTOP-A3LADIDG" failures="0" tests="2" name="Test2" time="41.595" errors="0" timestamp="2025-06-04T13:26:24 IST">
  <testcase classname="Login.LoginTest" name="loginTest" time="2.121"/>
  <testcase classname="ContactsTest.CreateContactTest" name="createContactTest" time="18.331"/>
  <testcase classname="genericBaseClassUtility.BaseClass" name="@AfterSuite afterSuite" time="0.0">
    <ignored/>
  </testcase> <!-- @AfterSuite afterSuite -->
  <testcase classname="genericBaseClassUtility.BaseClass" name="@BeforeTest beforetest" time="0.0">
    <ignored/>
  </testcase> <!-- @BeforeTest beforetest -->
  <testcase classname="genericBaseClassUtility.BaseClass" name="@BeforeSuite beforeSuite" time="0.0">
    <ignored/>
  </testcase> <!-- @BeforeSuite beforeSuite -->
  <testcase classname="genericBaseClassUtility.BaseClass" name="@AfterTest afterTest" time="0.0">
    <ignored/>
  </testcase> <!-- @AfterTest afterTest -->
</testsuite> <!-- Test2 -->
