<?xml version="1.0" encoding="UTF-8"?>
<!-- Generated by org.testng.reporters.JUnitXMLReporter -->
<testsuite ignored="12" hostname="LAPTOP-A3LADIDG" failures="3" tests="4" name="Test" time="81.805" errors="0" timestamp="2025-08-25T15:30:53 IST">
  <testcase classname="CampaignTest.CreateCampaignTest" name="createCampaignTest" time="7.008">
    <failure type="java.lang.AssertionError" message="Campaign Not added expected [true] but found [false]">
      <![CDATA[java.lang.AssertionError: Campaign Not added expected [true] but found [false]
at CampaignTest.CreateCampaignTest.createCampaignTest(CreateCampaignTest.java:53)
at java.base/java.util.ArrayList.forEach(ArrayList.java:1596)
... Removed 31 stack frames]]>
    </failure>
  </testcase> <!-- createCampaignTest -->
  <testcase classname="CampaignTest.CreateCampaignTest" name="createCampaignWithDateTest" time="8.335">
    <failure type="java.lang.AssertionError" message="Campaign Not added expected [true] but found [false]">
      <![CDATA[java.lang.AssertionError: Campaign Not added expected [true] but found [false]
at CampaignTest.CreateCampaignTest.createCampaignWithDateTest(CreateCampaignTest.java:99)
at java.base/java.util.ArrayList.forEach(ArrayList.java:1596)
... Removed 31 stack frames]]>
    </failure>
  </testcase> <!-- createCampaignWithDateTest -->
  <testcase classname="ProductTest.CreateProductTest" name="createProductTest" time="11.238">
    <failure type="java.lang.AssertionError" message="Product not added Successfully expected [true] but found [false]">
      <![CDATA[java.lang.AssertionError: Product not added Successfully expected [true] but found [false]
at ProductTest.CreateProductTest.createProductTest(CreateProductTest.java:55)
at java.base/java.util.ArrayList.forEach(ArrayList.java:1596)
... Removed 31 stack frames]]>
    </failure>
  </testcase> <!-- createProductTest -->
  <testcase classname="Login.LoginTest" name="loginTest" time="2.093"/>
  <testcase classname="genericBaseClassUtility.BaseClass" name="@BeforeTest beforetest" time="0.0">
    <ignored/>
  </testcase> <!-- @BeforeTest beforetest -->
  <testcase classname="genericBaseClassUtility.BaseClass" name="@BeforeSuite beforeSuite" time="0.0">
    <ignored/>
  </testcase> <!-- @BeforeSuite beforeSuite -->
  <testcase classname="genericBaseClassUtility.BaseClass" name="@AfterTest afterTest" time="0.0">
    <ignored/>
  </testcase> <!-- @AfterTest afterTest -->
  <testcase classname="genericBaseClassUtility.BaseClass" name="@BeforeTest beforetest" time="0.0">
    <ignored/>
  </testcase> <!-- @BeforeTest beforetest -->
  <testcase classname="genericBaseClassUtility.BaseClass" name="@AfterTest afterTest" time="0.0">
    <ignored/>
  </testcase> <!-- @AfterTest afterTest -->
  <testcase classname="genericBaseClassUtility.BaseClass" name="@AfterSuite afterSuite" time="0.0">
    <ignored/>
  </testcase> <!-- @AfterSuite afterSuite -->
  <testcase classname="genericBaseClassUtility.BaseClass" name="@BeforeSuite beforeSuite" time="0.0">
    <ignored/>
  </testcase> <!-- @BeforeSuite beforeSuite -->
  <testcase classname="genericBaseClassUtility.BaseClass" name="@BeforeSuite beforeSuite" time="0.0">
    <ignored/>
  </testcase> <!-- @BeforeSuite beforeSuite -->
  <testcase classname="genericBaseClassUtility.BaseClass" name="@AfterSuite afterSuite" time="0.0">
    <ignored/>
  </testcase> <!-- @AfterSuite afterSuite -->
  <testcase classname="genericBaseClassUtility.BaseClass" name="@AfterSuite afterSuite" time="0.0">
    <ignored/>
  </testcase> <!-- @AfterSuite afterSuite -->
  <testcase classname="genericBaseClassUtility.BaseClass" name="@BeforeTest beforetest" time="0.0">
    <ignored/>
  </testcase> <!-- @BeforeTest beforetest -->
  <testcase classname="genericBaseClassUtility.BaseClass" name="@AfterTest afterTest" time="0.0">
    <ignored/>
  </testcase> <!-- @AfterTest afterTest -->
</testsuite> <!-- Test -->
